<?xml version="1.0" encoding="UTF-8"?>
<testsuite xmlns:xsi="http://www.w3.org/2001/XMLSchema-instance" xsi:noNamespaceSchemaLocation="https://maven.apache.org/surefire/maven-surefire-plugin/xsd/surefire-test-report.xsd" name="br.ce.marcos.tests.MovimentacaoTest" time="1.493" tests="3" errors="3" skipped="0" failures="0">
  <properties>
[...]
</properties>
  <testcase name="test1InserirMovimentacao" classname="br.ce.marcos.tests.MovimentacaoTest" time="0.48">
    <error message="stale element reference: element is not attached to the page document&#10;  (Session info: MicrosoftEdge=101.0.1210.53)&#10;For documentation on this error, please visit: https://selenium.dev/exceptions/#stale_element_reference&#10;Build info: version: &apos;4.1.4&apos;, revision: &apos;535d840ee2&apos;&#10;System info: host: &apos;MARCOS&apos;, ip: &apos;26.49.114.32&apos;, os.name: &apos;Windows 10&apos;, os.arch: &apos;amd64&apos;, os.version: &apos;10.0&apos;, java.version: &apos;1.8.0_331&apos;&#10;Driver info: org.openqa.selenium.edge.EdgeDriver&#10;Command: [fde981de7b759105ed599d8b98c6ce7d, clickElement {id=f72fd3f9-fd1e-4941-b9a5-f282c81200ea}]&#10;Capabilities {acceptInsecureCerts: false, browserName: msedge, browserVersion: 101.0.1210.53, javascriptEnabled: true, ms:edgeOptions: {debuggerAddress: localhost:50770}, msedge: {msedgedriverVersion: 101.0.1210.32 (f7af80761c68..., userDataDir: C:\Users\m4rco\AppData\Loca...}, networkConnectionEnabled: false, pageLoadStrategy: normal, platform: WINDOWS, platformName: WINDOWS, proxy: Proxy(), se:cdp: ws://localhost:50770/devtoo..., se:cdpVersion: 101.0.1210.53, setWindowRect: true, strictFileInteractability: false, timeouts: {implicit: 0, pageLoad: 300000, script: 30000}, unhandledPromptBehavior: dismiss and notify, webauthn:extension:credBlob: true, webauthn:extension:largeBlob: true, webauthn:virtualAuthenticators: true}&#10;Element: [[EdgeDriver: msedge on WINDOWS (fde981de7b759105ed599d8b98c6ce7d)] -&gt; link text: Criar Movimentação]&#10;Session ID: fde981de7b759105ed599d8b98c6ce7d" type="org.openqa.selenium.StaleElementReferenceException">org.openqa.selenium.StaleElementReferenceException: 
stale element reference: element is not attached to the page document
  (Session info: MicrosoftEdge=101.0.1210.53)
For documentation on this error, please visit: https://selenium.dev/exceptions/#stale_element_reference
Build info: version: '4.1.4', revision: '535d840ee2'
System info: host: 'MARCOS', ip: '26.49.114.32', os.name: 'Windows 10', os.arch: 'amd64', os.version: '10.0', java.version: '1.8.0_331'
Driver info: org.openqa.selenium.edge.EdgeDriver
Command: [fde981de7b759105ed599d8b98c6ce7d, clickElement {id=f72fd3f9-fd1e-4941-b9a5-f282c81200ea}]
Capabilities {acceptInsecureCerts: false, browserName: msedge, browserVersion: 101.0.1210.53, javascriptEnabled: true, ms:edgeOptions: {debuggerAddress: localhost:50770}, msedge: {msedgedriverVersion: 101.0.1210.32 (f7af80761c68..., userDataDir: C:\Users\m4rco\AppData\Loca...}, networkConnectionEnabled: false, pageLoadStrategy: normal, platform: WINDOWS, platformName: WINDOWS, proxy: Proxy(), se:cdp: ws://localhost:50770/devtoo..., se:cdpVersion: 101.0.1210.53, setWindowRect: true, strictFileInteractability: false, timeouts: {implicit: 0, pageLoad: 300000, script: 30000}, unhandledPromptBehavior: dismiss and notify, webauthn:extension:credBlob: true, webauthn:extension:largeBlob: true, webauthn:virtualAuthenticators: true}
Element: [[EdgeDriver: msedge on WINDOWS (fde981de7b759105ed599d8b98c6ce7d)] -> link text: Criar Movimentação]
Session ID: fde981de7b759105ed599d8b98c6ce7d
	at br.ce.marcos.tests.MovimentacaoTest.test1InserirMovimentacao(MovimentacaoTest.java:28)
</error>
    <system-out><![CDATA[SLF4J: Failed to load class "org.slf4j.impl.StaticLoggerBinder".
SLF4J: Defaulting to no-operation (NOP) logger implementation
SLF4J: See http://www.slf4j.org/codes.html#StaticLoggerBinder for further details.
Starting MSEdgeDriver 101.0.1210.32 (f7af80761c68124fe8e0fff52a5918d20448c1a4) on port 54215
Only local connections are allowed.
Please see https://chromedriver.chromium.org/security-considerations for suggestions on keeping MSEdgeDriver safe.
MSEdgeDriver was started successfully.
mai 24, 2022 12:15:28 PM org.openqa.selenium.remote.ProtocolHandshake createSession
INFORMAÇÕES: Detected dialect: W3C
mai 24, 2022 12:15:28 PM org.openqa.selenium.devtools.CdpVersionFinder findNearestMatch
INFORMAÇÕES: Found exact CDP implementation for version 101
]]></system-out>
  </testcase>
  <testcase name="test2CamposObrigatorios" classname="br.ce.marcos.tests.MovimentacaoTest" time="1.493">
    <error message="stale element reference: element is not attached to the page document&#10;  (Session info: MicrosoftEdge=101.0.1210.53)&#10;For documentation on this error, please visit: https://selenium.dev/exceptions/#stale_element_reference&#10;Build info: version: &apos;4.1.4&apos;, revision: &apos;535d840ee2&apos;&#10;System info: host: &apos;MARCOS&apos;, ip: &apos;26.49.114.32&apos;, os.name: &apos;Windows 10&apos;, os.arch: &apos;amd64&apos;, os.version: &apos;10.0&apos;, java.version: &apos;1.8.0_331&apos;&#10;Driver info: org.openqa.selenium.edge.EdgeDriver&#10;Command: [fde981de7b759105ed599d8b98c6ce7d, getElementText {id=c670a7b1-efd5-436c-84a7-8c7bfd1278c0}]&#10;Capabilities {acceptInsecureCerts: false, browserName: msedge, browserVersion: 101.0.1210.53, javascriptEnabled: true, ms:edgeOptions: {debuggerAddress: localhost:50770}, msedge: {msedgedriverVersion: 101.0.1210.32 (f7af80761c68..., userDataDir: C:\Users\m4rco\AppData\Loca...}, networkConnectionEnabled: false, pageLoadStrategy: normal, platform: WINDOWS, platformName: WINDOWS, proxy: Proxy(), se:cdp: ws://localhost:50770/devtoo..., se:cdpVersion: 101.0.1210.53, setWindowRect: true, strictFileInteractability: false, timeouts: {implicit: 0, pageLoad: 300000, script: 30000}, unhandledPromptBehavior: dismiss and notify, webauthn:extension:credBlob: true, webauthn:extension:largeBlob: true, webauthn:virtualAuthenticators: true}&#10;Element: [[EdgeDriver: msedge on WINDOWS (fde981de7b759105ed599d8b98c6ce7d)] -&gt; xpath: //div[@class=&apos;alert alert-danger&apos;]//li]&#10;Session ID: fde981de7b759105ed599d8b98c6ce7d" type="org.openqa.selenium.StaleElementReferenceException">org.openqa.selenium.StaleElementReferenceException: 
stale element reference: element is not attached to the page document
  (Session info: MicrosoftEdge=101.0.1210.53)
For documentation on this error, please visit: https://selenium.dev/exceptions/#stale_element_reference
Build info: version: '4.1.4', revision: '535d840ee2'
System info: host: 'MARCOS', ip: '26.49.114.32', os.name: 'Windows 10', os.arch: 'amd64', os.version: '10.0', java.version: '1.8.0_331'
Driver info: org.openqa.selenium.edge.EdgeDriver
Command: [fde981de7b759105ed599d8b98c6ce7d, getElementText {id=c670a7b1-efd5-436c-84a7-8c7bfd1278c0}]
Capabilities {acceptInsecureCerts: false, browserName: msedge, browserVersion: 101.0.1210.53, javascriptEnabled: true, ms:edgeOptions: {debuggerAddress: localhost:50770}, msedge: {msedgedriverVersion: 101.0.1210.32 (f7af80761c68..., userDataDir: C:\Users\m4rco\AppData\Loca...}, networkConnectionEnabled: false, pageLoadStrategy: normal, platform: WINDOWS, platformName: WINDOWS, proxy: Proxy(), se:cdp: ws://localhost:50770/devtoo..., se:cdpVersion: 101.0.1210.53, setWindowRect: true, strictFileInteractability: false, timeouts: {implicit: 0, pageLoad: 300000, script: 30000}, unhandledPromptBehavior: dismiss and notify, webauthn:extension:credBlob: true, webauthn:extension:largeBlob: true, webauthn:virtualAuthenticators: true}
Element: [[EdgeDriver: msedge on WINDOWS (fde981de7b759105ed599d8b98c6ce7d)] -> xpath: //div[@class='alert alert-danger']//li]
Session ID: fde981de7b759105ed599d8b98c6ce7d
	at br.ce.marcos.tests.MovimentacaoTest.test2CamposObrigatorios(MovimentacaoTest.java:49)
</error>
  </testcase>
  <testcase name="test3InserirMovimentacaoFutura" classname="br.ce.marcos.tests.MovimentacaoTest" time="0.627">
    <error message="stale element reference: element is not attached to the page document&#10;  (Session info: MicrosoftEdge=101.0.1210.53)&#10;For documentation on this error, please visit: https://selenium.dev/exceptions/#stale_element_reference&#10;Build info: version: &apos;4.1.4&apos;, revision: &apos;535d840ee2&apos;&#10;System info: host: &apos;MARCOS&apos;, ip: &apos;26.49.114.32&apos;, os.name: &apos;Windows 10&apos;, os.arch: &apos;amd64&apos;, os.version: &apos;10.0&apos;, java.version: &apos;1.8.0_331&apos;&#10;Driver info: org.openqa.selenium.edge.EdgeDriver&#10;Command: [fde981de7b759105ed599d8b98c6ce7d, clickElement {id=f72fd3f9-fd1e-4941-b9a5-f282c81200ea}]&#10;Capabilities {acceptInsecureCerts: false, browserName: msedge, browserVersion: 101.0.1210.53, javascriptEnabled: true, ms:edgeOptions: {debuggerAddress: localhost:50770}, msedge: {msedgedriverVersion: 101.0.1210.32 (f7af80761c68..., userDataDir: C:\Users\m4rco\AppData\Loca...}, networkConnectionEnabled: false, pageLoadStrategy: normal, platform: WINDOWS, platformName: WINDOWS, proxy: Proxy(), se:cdp: ws://localhost:50770/devtoo..., se:cdpVersion: 101.0.1210.53, setWindowRect: true, strictFileInteractability: false, timeouts: {implicit: 0, pageLoad: 300000, script: 30000}, unhandledPromptBehavior: dismiss and notify, webauthn:extension:credBlob: true, webauthn:extension:largeBlob: true, webauthn:virtualAuthenticators: true}&#10;Element: [[EdgeDriver: msedge on WINDOWS (fde981de7b759105ed599d8b98c6ce7d)] -&gt; link text: Criar Movimentação]&#10;Session ID: fde981de7b759105ed599d8b98c6ce7d" type="org.openqa.selenium.StaleElementReferenceException">org.openqa.selenium.StaleElementReferenceException: 
stale element reference: element is not attached to the page document
  (Session info: MicrosoftEdge=101.0.1210.53)
For documentation on this error, please visit: https://selenium.dev/exceptions/#stale_element_reference
Build info: version: '4.1.4', revision: '535d840ee2'
System info: host: 'MARCOS', ip: '26.49.114.32', os.name: 'Windows 10', os.arch: 'amd64', os.version: '10.0', java.version: '1.8.0_331'
Driver info: org.openqa.selenium.edge.EdgeDriver
Command: [fde981de7b759105ed599d8b98c6ce7d, clickElement {id=f72fd3f9-fd1e-4941-b9a5-f282c81200ea}]
Capabilities {acceptInsecureCerts: false, browserName: msedge, browserVersion: 101.0.1210.53, javascriptEnabled: true, ms:edgeOptions: {debuggerAddress: localhost:50770}, msedge: {msedgedriverVersion: 101.0.1210.32 (f7af80761c68..., userDataDir: C:\Users\m4rco\AppData\Loca...}, networkConnectionEnabled: false, pageLoadStrategy: normal, platform: WINDOWS, platformName: WINDOWS, proxy: Proxy(), se:cdp: ws://localhost:50770/devtoo..., se:cdpVersion: 101.0.1210.53, setWindowRect: true, strictFileInteractability: false, timeouts: {implicit: 0, pageLoad: 300000, script: 30000}, unhandledPromptBehavior: dismiss and notify, webauthn:extension:credBlob: true, webauthn:extension:largeBlob: true, webauthn:virtualAuthenticators: true}
Element: [[EdgeDriver: msedge on WINDOWS (fde981de7b759105ed599d8b98c6ce7d)] -> link text: Criar Movimentação]
Session ID: fde981de7b759105ed599d8b98c6ce7d
	at br.ce.marcos.tests.MovimentacaoTest.test3InserirMovimentacaoFutura(MovimentacaoTest.java:65)
</error>
  </testcase>
</testsuite>